<?xml version="1.0" encoding="UTF-8"?>
<!-- Generated by org.testng.reporters.JUnitReportReporter -->
<testsuite hostname="DESKTOP-CMGNTR6" failures="0" tests="12" name="hw1.TestingSub" time="0.004" errors="0" timestamp="2020-03-27T20:11:59 MSK" skipped="0">
  <testcase classname="hw1.TestingSub" name="testDoubles" time="0.001"/>
  <system-out/>
  <testcase classname="hw1.TestingSub" name="testDoubles" time="0.000"/>
  <system-out/>
  <testcase classname="hw1.TestingSub" name="testDoubles" time="0.001"/>
  <system-out/>
  <testcase classname="hw1.TestingSub" name="testLongs" time="0.000"/>
  <system-out/>
  <testcase classname="hw1.TestingSub" name="testLongs" time="0.001"/>
  <system-out/>
  <testcase classname="hw1.TestingSub" name="testLongs" time="0.000"/>
  <system-out/>
  <testcase classname="hw1.TestingSub" name="testLongs" time="0.000"/>
  <system-out/>
  <testcase classname="hw1.TestingSub" name="testLongs" time="0.001"/>
  <system-out/>
  <testcase classname="hw1.TestingSub" name="testDoubles" time="0.000"/>
  <system-out/>
  <testcase classname="hw1.TestingSub" name="testDoubles" time="0.000"/>
  <system-out/>
  <testcase classname="hw1.TestingSub" name="testDoubles" time="0.000"/>
  <system-out/>
  <testcase classname="hw1.TestingSub" name="testLongs" time="0.000"/>
  <system-out/>
</testsuite> <!-- hw1.TestingSub -->
